<?xml version="1.0" encoding="UTF-8"?>
<testng-results skipped="0" failed="0" ignored="0" total="1" passed="1">
  <reporter-output>
  </reporter-output>
  <suite name="Default suite" duration-ms="3941" started-at="2022-08-05T13:32:50 PDT" finished-at="2022-08-05T13:32:54 PDT">
    <groups>
    </groups>
    <test name="Default test" duration-ms="3941" started-at="2022-08-05T13:32:50 PDT" finished-at="2022-08-05T13:32:54 PDT">
      <class name="task.WebsiteMonitoring">
        <test-method status="PASS" signature="runTask()[pri:0, instance:task.WebsiteMonitoring@eafc191]" name="runTask" duration-ms="3906" started-at="2022-08-05T13:32:50 PDT" finished-at="2022-08-05T13:32:54 PDT">
          <reporter-output>
          </reporter-output>
        </test-method> <!-- runTask -->
      </class> <!-- task.WebsiteMonitoring -->
    </test> <!-- Default test -->
  </suite> <!-- Default suite -->
</testng-results>
