<?xml version="1.0" encoding="UTF-8"?>
<testng-results skipped="0" failed="0" ignored="0" total="1" passed="1">
  <reporter-output>
  </reporter-output>
  <suite name="Default suite" duration-ms="3661" started-at="2022-08-05T20:16:59Z" finished-at="2022-08-05T20:17:03Z">
    <groups>
    </groups>
    <test name="Default test" duration-ms="3661" started-at="2022-08-05T20:16:59Z" finished-at="2022-08-05T20:17:03Z">
      <class name="task.WebsiteMonitoring">
        <test-method status="PASS" signature="runTask()[pri:0, instance:task.WebsiteMonitoring@2aa3cd93]" name="runTask" duration-ms="3639" started-at="2022-08-05T20:16:59Z" finished-at="2022-08-05T20:17:03Z">
          <reporter-output>
          </reporter-output>
        </test-method> <!-- runTask -->
      </class> <!-- task.WebsiteMonitoring -->
    </test> <!-- Default test -->
  </suite> <!-- Default suite -->
</testng-results>
